<?xml version="1.0" encoding="UTF-8"?>
<testng-results ignored="0" total="1" passed="1" failed="0" skipped="0">
  <reporter-output>
  </reporter-output>
  <suite started-at="2024-02-03T15:21:26 SGT" name="Default suite" finished-at="2024-02-03T15:21:52 SGT" duration-ms="26288">
    <groups>
    </groups>
    <test started-at="2024-02-03T15:21:26 SGT" name="Default test" finished-at="2024-02-03T15:21:52 SGT" duration-ms="26288">
      <class name="com.seleniumtraining.testcases.TestCaseDemo">
        <test-method is-config="true" signature="setup()[pri:0, instance:com.seleniumtraining.testcases.TestCaseDemo@3e694b3f]" started-at="2024-02-03T15:21:26 SGT" name="setup" finished-at="2024-02-03T15:21:52 SGT" duration-ms="26258" status="PASS">
          <reporter-output>
          </reporter-output>
        </test-method> <!-- setup -->
        <test-method signature="testCheck()[pri:0, instance:com.seleniumtraining.testcases.TestCaseDemo@3e694b3f]" started-at="2024-02-03T15:21:52 SGT" name="testCheck" finished-at="2024-02-03T15:21:52 SGT" duration-ms="5" status="PASS">
          <reporter-output>
          </reporter-output>
        </test-method> <!-- testCheck -->
        <test-method is-config="true" signature="tearDown()[pri:0, instance:com.seleniumtraining.testcases.TestCaseDemo@3e694b3f]" started-at="2024-02-03T15:21:52 SGT" name="tearDown" finished-at="2024-02-03T15:21:52 SGT" duration-ms="0" status="PASS">
          <reporter-output>
          </reporter-output>
        </test-method> <!-- tearDown -->
      </class> <!-- com.seleniumtraining.testcases.TestCaseDemo -->
    </test> <!-- Default test -->
  </suite> <!-- Default suite -->
</testng-results>
